2025-11-23 10:54:06,527 - instrument - WARNING - Validation for instrument feeder failed: couldn't obtain the latest price date
2025-11-23 10:54:06,527 - instrument - WARNING - Validation for instrument us30 failed: couldn't obtain the latest price date
2025-11-23 10:54:06,585 - instrument - WARNING - Validation for instrument robusta failed: couldn't obtain the latest price date
2025-11-23 10:54:06,612 - instrument - WARNING - Validation for instrument nasdaq failed: couldn't obtain the latest price date
2025-11-23 10:54:06,685 - instrument - WARNING - Validation for instrument platinum failed: couldn't obtain the latest price date
2025-11-23 10:54:06,737 - instrument - WARNING - Validation for instrument arabica failed: couldn't obtain the latest price date
2025-11-23 10:54:06,761 - instrument - WARNING - Validation for instrument leanhog failed: couldn't obtain the latest price date
2025-11-23 10:54:06,858 - instrument - WARNING - Validation for instrument soymeal failed: couldn't obtain the latest price date
2025-11-23 10:54:06,859 - instrument - WARNING - Validation for instrument cotton failed: couldn't obtain the latest price date
2025-11-23 10:54:06,966 - instrument - WARNING - Validation for instrument copper failed: couldn't obtain the latest price date
2025-11-23 10:54:06,967 - instrument - WARNING - Validation for instrument gas failed: couldn't obtain the latest price date
2025-11-23 10:54:07,036 - instrument - WARNING - Validation for instrument soybean failed: couldn't obtain the latest price date
2025-11-23 10:54:07,074 - instrument - WARNING - Validation for instrument soyoil failed: couldn't obtain the latest price date
2025-11-23 10:54:07,106 - instrument - WARNING - Validation for instrument sugar failed: couldn't obtain the latest price date
2025-11-23 10:54:07,199 - instrument - WARNING - Validation for instrument pallad failed: couldn't obtain the latest price date
2025-11-23 10:54:07,209 - instrument - WARNING - Validation for instrument bobl failed: couldn't obtain the latest price date
2025-11-23 10:54:07,295 - instrument - WARNING - Validation for instrument eurostoxx failed: couldn't obtain the latest price date
2025-11-23 10:54:07,296 - instrument - WARNING - Validation for instrument vstoxx failed: couldn't obtain the latest price date
2025-11-23 10:54:07,394 - instrument - WARNING - Validation for instrument eurooat failed: couldn't obtain the latest price date
2025-11-23 10:54:07,396 - instrument - WARNING - Validation for instrument cocoa failed: couldn't obtain the latest price date
2025-11-23 10:54:07,488 - instrument - WARNING - Validation for instrument longbtp failed: couldn't obtain the latest price date
2025-11-23 10:54:07,495 - instrument - WARNING - Validation for instrument vix failed: couldn't obtain the latest price date
2025-11-23 10:54:07,565 - instrument - WARNING - Validation for instrument gbp failed: couldn't obtain the latest price date
2025-11-23 10:54:07,585 - instrument - WARNING - Validation for instrument cattle failed: couldn't obtain the latest price date
2025-11-23 10:54:07,677 - instrument - WARNING - Validation for instrument yen failed: couldn't obtain the latest price date
2025-11-23 10:54:07,678 - instrument - WARNING - Validation for instrument gold failed: couldn't obtain the latest price date
2025-11-23 10:54:07,748 - instrument - WARNING - Validation for instrument hsi failed: couldn't obtain the latest price date
2025-11-23 10:54:07,775 - instrument - WARNING - Validation for instrument crude failed: couldn't obtain the latest price date
2025-11-23 10:54:07,838 - instrument - WARNING - Validation for instrument us2 failed: couldn't obtain the latest price date
2025-11-23 10:54:07,877 - instrument - WARNING - Validation for instrument corn failed: couldn't obtain the latest price date
2025-11-23 10:54:07,946 - instrument - WARNING - Validation for instrument silver failed: couldn't obtain the latest price date
2025-11-23 10:54:07,972 - instrument - WARNING - Validation for instrument wheat failed: couldn't obtain the latest price date
2025-11-23 10:54:08,023 - instrument - WARNING - Validation for instrument smi failed: couldn't obtain the latest price date
2025-11-23 10:54:08,082 - instrument - WARNING - Validation for instrument oats failed: couldn't obtain the latest price date
2025-11-23 10:54:08,114 - instrument - WARNING - Validation for instrument eur failed: couldn't obtain the latest price date
2025-11-23 10:54:08,170 - instrument - WARNING - Validation for instrument mxp failed: couldn't obtain the latest price date
2025-11-23 10:54:08,194 - instrument - WARNING - Validation for instrument aud failed: couldn't obtain the latest price date
2025-11-23 10:54:08,256 - instrument - WARNING - Validation for instrument bund failed: couldn't obtain the latest price date
2025-11-23 10:54:08,289 - instrument - WARNING - Validation for instrument eurodollar failed: couldn't obtain the latest price date
2025-11-23 10:54:08,326 - instrument - WARNING - Validation for instrument nzd failed: couldn't obtain the latest price date
2025-11-23 10:54:10,379 - data_feed - WARNING - Something went wrong on symbol IDEALPRO_GBPCHF request from storage: [Errno 17] File exists: 'price_data/quotes/ib/currency'
2025-11-23 10:54:11,149 - instrument - WARNING - Validation for instrument smi failed: couldn't obtain the latest price date
2025-11-23 10:54:11,157 - instrument - WARNING - Validation for instrument oats failed: couldn't obtain the latest price date
2025-11-23 10:54:11,268 - instrument - WARNING - Validation for instrument platinum failed: couldn't obtain the latest price date
2025-11-23 10:54:11,271 - instrument - WARNING - Validation for instrument copper failed: couldn't obtain the latest price date
2025-11-23 10:54:11,368 - instrument - WARNING - Validation for instrument vstoxx failed: couldn't obtain the latest price date
2025-11-23 10:54:11,370 - instrument - WARNING - Validation for instrument cattle failed: couldn't obtain the latest price date
2025-11-23 10:54:11,480 - instrument - WARNING - Validation for instrument soymeal failed: couldn't obtain the latest price date
2025-11-23 10:54:11,482 - instrument - WARNING - Validation for instrument bund failed: couldn't obtain the latest price date
2025-11-23 10:54:11,592 - instrument - WARNING - Validation for instrument gold failed: couldn't obtain the latest price date
2025-11-23 10:54:11,594 - instrument - WARNING - Validation for instrument us30 failed: couldn't obtain the latest price date
2025-11-23 10:54:11,691 - instrument - WARNING - Validation for instrument longbtp failed: couldn't obtain the latest price date
2025-11-23 10:54:11,692 - instrument - WARNING - Validation for instrument bobl failed: couldn't obtain the latest price date
2025-11-23 10:54:11,789 - instrument - WARNING - Validation for instrument vix failed: couldn't obtain the latest price date
2025-11-23 10:54:11,800 - instrument - WARNING - Validation for instrument feeder failed: couldn't obtain the latest price date
2025-11-23 10:54:11,884 - instrument - WARNING - Validation for instrument nasdaq failed: couldn't obtain the latest price date
2025-11-23 10:54:11,885 - instrument - WARNING - Validation for instrument silver failed: couldn't obtain the latest price date
2025-11-23 10:54:11,981 - instrument - WARNING - Validation for instrument sugar failed: couldn't obtain the latest price date
2025-11-23 10:54:11,982 - instrument - WARNING - Validation for instrument eurooat failed: couldn't obtain the latest price date
2025-11-23 10:54:12,094 - instrument - WARNING - Validation for instrument us2 failed: couldn't obtain the latest price date
2025-11-23 10:54:12,096 - instrument - WARNING - Validation for instrument crude failed: couldn't obtain the latest price date
2025-11-23 10:54:12,176 - instrument - WARNING - Validation for instrument soybean failed: couldn't obtain the latest price date
2025-11-23 10:54:12,178 - instrument - WARNING - Validation for instrument cocoa failed: couldn't obtain the latest price date
2025-11-23 10:54:12,264 - instrument - WARNING - Validation for instrument eurostoxx failed: couldn't obtain the latest price date
2025-11-23 10:54:12,266 - instrument - WARNING - Validation for instrument eurodollar failed: couldn't obtain the latest price date
2025-11-23 10:54:12,354 - instrument - WARNING - Validation for instrument eur failed: couldn't obtain the latest price date
2025-11-23 10:54:12,366 - instrument - WARNING - Validation for instrument cotton failed: couldn't obtain the latest price date
2025-11-23 10:54:12,406 - instrument - WARNING - Validation for instrument leanhog failed: couldn't obtain the latest price date
2025-11-23 10:54:12,447 - instrument - WARNING - Validation for instrument gbp failed: couldn't obtain the latest price date
2025-11-23 10:54:12,495 - instrument - WARNING - Validation for instrument wheat failed: couldn't obtain the latest price date
2025-11-23 10:54:12,533 - instrument - WARNING - Validation for instrument yen failed: couldn't obtain the latest price date
2025-11-23 10:54:12,617 - instrument - WARNING - Validation for instrument robusta failed: couldn't obtain the latest price date
2025-11-23 10:54:12,627 - instrument - WARNING - Validation for instrument arabica failed: couldn't obtain the latest price date
2025-11-23 10:54:12,683 - instrument - WARNING - Validation for instrument hsi failed: couldn't obtain the latest price date
2025-11-23 10:54:12,715 - instrument - WARNING - Validation for instrument soyoil failed: couldn't obtain the latest price date
2025-11-23 10:54:12,778 - instrument - WARNING - Validation for instrument corn failed: couldn't obtain the latest price date
2025-11-23 10:54:12,857 - instrument - WARNING - Validation for instrument aud failed: couldn't obtain the latest price date
2025-11-23 10:54:12,859 - instrument - WARNING - Validation for instrument pallad failed: couldn't obtain the latest price date
2025-11-23 10:54:12,938 - instrument - WARNING - Validation for instrument nzd failed: couldn't obtain the latest price date
2025-11-23 10:54:12,939 - instrument - WARNING - Validation for instrument mxp failed: couldn't obtain the latest price date
2025-11-23 10:54:12,985 - instrument - WARNING - Validation for instrument gas failed: couldn't obtain the latest price date
2025-11-23 11:00:48,598 - instrument - WARNING - Validation for instrument gbp failed: couldn't obtain the latest price date
2025-11-23 11:00:48,609 - instrument - WARNING - Validation for instrument eurodollar failed: couldn't obtain the latest price date
2025-11-23 11:00:48,704 - instrument - WARNING - Validation for instrument longbtp failed: couldn't obtain the latest price date
2025-11-23 11:00:48,706 - instrument - WARNING - Validation for instrument wheat failed: couldn't obtain the latest price date
2025-11-23 11:00:48,803 - instrument - WARNING - Validation for instrument pallad failed: couldn't obtain the latest price date
2025-11-23 11:00:48,805 - instrument - WARNING - Validation for instrument corn failed: couldn't obtain the latest price date
2025-11-23 11:00:48,895 - instrument - WARNING - Validation for instrument platinum failed: couldn't obtain the latest price date
2025-11-23 11:00:48,896 - instrument - WARNING - Validation for instrument us2 failed: couldn't obtain the latest price date
2025-11-23 11:00:48,963 - instrument - WARNING - Validation for instrument eur failed: couldn't obtain the latest price date
2025-11-23 11:00:48,991 - instrument - WARNING - Validation for instrument bund failed: couldn't obtain the latest price date
2025-11-23 11:00:49,058 - instrument - WARNING - Validation for instrument soymeal failed: couldn't obtain the latest price date
2025-11-23 11:00:49,085 - instrument - WARNING - Validation for instrument silver failed: couldn't obtain the latest price date
2025-11-23 11:00:49,167 - instrument - WARNING - Validation for instrument soyoil failed: couldn't obtain the latest price date
2025-11-23 11:00:49,168 - instrument - WARNING - Validation for instrument mxp failed: couldn't obtain the latest price date
2025-11-23 11:00:49,224 - instrument - WARNING - Validation for instrument cocoa failed: couldn't obtain the latest price date
2025-11-23 11:00:49,269 - instrument - WARNING - Validation for instrument us30 failed: couldn't obtain the latest price date
2025-11-23 11:00:49,319 - instrument - WARNING - Validation for instrument gold failed: couldn't obtain the latest price date
2025-11-23 11:00:49,359 - instrument - WARNING - Validation for instrument nzd failed: couldn't obtain the latest price date
2025-11-23 11:00:49,406 - instrument - WARNING - Validation for instrument eurooat failed: couldn't obtain the latest price date
2025-11-23 11:00:49,444 - instrument - WARNING - Validation for instrument leanhog failed: couldn't obtain the latest price date
2025-11-23 11:00:49,521 - instrument - WARNING - Validation for instrument smi failed: couldn't obtain the latest price date
2025-11-23 11:00:49,542 - instrument - WARNING - Validation for instrument bobl failed: couldn't obtain the latest price date
2025-11-23 11:00:49,617 - instrument - WARNING - Validation for instrument robusta failed: couldn't obtain the latest price date
2025-11-23 11:00:49,625 - instrument - WARNING - Validation for instrument vix failed: couldn't obtain the latest price date
2025-11-23 11:00:49,706 - instrument - WARNING - Validation for instrument soybean failed: couldn't obtain the latest price date
2025-11-23 11:00:49,723 - instrument - WARNING - Validation for instrument crude failed: couldn't obtain the latest price date
2025-11-23 11:00:49,794 - instrument - WARNING - Validation for instrument nasdaq failed: couldn't obtain the latest price date
2025-11-23 11:00:49,813 - instrument - WARNING - Validation for instrument aud failed: couldn't obtain the latest price date
2025-11-23 11:00:49,904 - instrument - WARNING - Validation for instrument arabica failed: couldn't obtain the latest price date
2025-11-23 11:00:49,906 - instrument - WARNING - Validation for instrument sugar failed: couldn't obtain the latest price date
2025-11-23 11:00:50,000 - instrument - WARNING - Validation for instrument cotton failed: couldn't obtain the latest price date
2025-11-23 11:00:50,002 - instrument - WARNING - Validation for instrument copper failed: couldn't obtain the latest price date
2025-11-23 11:00:50,063 - instrument - WARNING - Validation for instrument hsi failed: couldn't obtain the latest price date
2025-11-23 11:00:50,081 - instrument - WARNING - Validation for instrument eurostoxx failed: couldn't obtain the latest price date
2025-11-23 11:00:50,153 - instrument - WARNING - Validation for instrument vstoxx failed: couldn't obtain the latest price date
2025-11-23 11:00:50,163 - instrument - WARNING - Validation for instrument yen failed: couldn't obtain the latest price date
2025-11-23 11:00:50,268 - instrument - WARNING - Validation for instrument feeder failed: couldn't obtain the latest price date
2025-11-23 11:00:50,268 - instrument - WARNING - Validation for instrument oats failed: couldn't obtain the latest price date
2025-11-23 11:00:50,360 - instrument - WARNING - Validation for instrument gas failed: couldn't obtain the latest price date
2025-11-23 11:00:50,369 - instrument - WARNING - Validation for instrument cattle failed: couldn't obtain the latest price date
